SF:lib/core/result.dart
DA:4,1
DA:8,1
DA:11,1
DA:12,2
DA:16,0
DA:19,0
DA:20,0
LF:7
LH:4
end_of_record
SF:lib/features/authentication/data/datasource/authentication_datasource.dart
DA:5,0
DA:8,0
DA:9,0
DA:12,0
DA:14,0
DA:15,0
DA:18,0
LF:7
LH:0
end_of_record
SF:lib/features/authentication/data/repositories/authentication_repository_impl.dart
DA:14,1
DA:20,1
DA:25,2
DA:26,3
DA:27,0
DA:28,0
DA:30,1
DA:33,0
DA:38,0
DA:39,0
DA:40,0
DA:41,0
DA:42,0
DA:44,0
DA:47,0
DA:49,0
LF:16
LH:5
end_of_record
SF:lib/features/authentication/domain/domain_user_converter.dart
DA:6,0
DA:7,0
DA:8,0
DA:11,0
DA:13,0
LF:5
LH:0
end_of_record
SF:lib/features/authentication/domain/entities/domain_user.dart
DA:8,0
DA:11,0
DA:13,0
LF:3
LH:0
end_of_record
