SF:lib/main.dart
DA:10,3
DA:12,0
DA:14,0
DA:15,0
DA:16,0
DA:17,0
DA:20,0
DA:28,6
DA:30,1
DA:32,0
DA:33,1
DA:35,1
DA:38,2
LF:13
LH:6
end_of_record
SF:lib/core/components/organisms/custom_app_bar.dart
DA:4,5
DA:7,0
DA:9,0
DA:10,0
DA:14,0
LF:5
LH:1
end_of_record
SF:lib/core/home_screen_provider.dart
DA:12,3
DA:13,0
DA:14,0
DA:15,0
DA:16,0
DA:19,0
LF:6
LH:1
end_of_record
SF:lib/features/suggestions/domain/entities/suggestion.dart
DA:10,0
DA:12,0
DA:13,0
DA:15,0
LF:4
LH:0
end_of_record
SF:lib/features/authentication/data/data_providers.dart
DA:9,0
DA:10,0
DA:13,0
DA:14,0
DA:15,0
DA:16,0
DA:19,0
DA:20,0
DA:21,0
DA:24,0
DA:25,0
DA:26,0
DA:29,0
DA:30,0
DA:32,0
DA:34,0
DA:36,0
LF:17
LH:0
end_of_record
SF:lib/features/authentication/presentation/components/screens/auth_screen.dart
DA:7,5
DA:9,0
LF:2
LH:1
end_of_record
SF:lib/features/suggestions/presentation/screens/categories_screen.dart
DA:4,5
DA:6,0
LF:2
LH:1
end_of_record
SF:lib/features/suggestions/presentation/screens/splash_screen.dart
DA:4,5
DA:6,0
LF:2
LH:1
end_of_record
SF:lib/core/providers.dart
DA:5,0
DA:6,0
DA:7,0
LF:3
LH:0
end_of_record
SF:lib/core/result.dart
DA:4,1
DA:8,1
DA:11,1
DA:12,2
DA:16,0
DA:19,0
DA:20,0
LF:7
LH:4
end_of_record
SF:lib/features/authentication/data/datasource/authentication_datasource.dart
DA:5,1
DA:8,1
DA:9,2
DA:12,3
DA:14,1
DA:15,2
DA:18,0
LF:7
LH:6
end_of_record
SF:lib/features/authentication/data/repositories/authentication_repository_impl.dart
DA:14,1
DA:20,1
DA:25,2
DA:26,3
DA:27,0
DA:28,0
DA:30,1
DA:33,1
DA:38,2
DA:39,3
DA:40,0
DA:41,0
DA:43,1
DA:46,0
DA:48,0
LF:15
LH:9
end_of_record
SF:lib/features/authentication/domain/domain_user_converter.dart
DA:6,1
DA:7,1
DA:8,2
DA:11,1
DA:13,2
LF:5
LH:5
end_of_record
SF:lib/features/authentication/domain/entities/domain_user.dart
DA:8,2
DA:11,1
DA:13,3
LF:3
LH:3
end_of_record
SF:lib/features/authentication/domain/entities/auth_screen_data.dart
DA:11,0
LF:1
LH:0
end_of_record
SF:lib/features/authentication/domain/usecases/create_account.dart
DA:9,0
DA:12,0
DA:14,0
LF:3
LH:0
end_of_record
SF:lib/features/authentication/domain/usecases/logout.dart
DA:7,0
DA:10,0
LF:2
LH:0
end_of_record
SF:lib/features/authentication/domain/usecases/sign_in.dart
DA:11,0
DA:14,0
DA:16,0
LF:3
LH:0
end_of_record
SF:lib/features/authentication/domain/usecases/switch_auth_screen_mode.dart
DA:7,0
DA:11,0
DA:12,0
LF:3
LH:0
end_of_record
SF:lib/features/authentication/presentation/providers/auth_screen_mode_provider.dart
DA:6,0
DA:7,0
DA:8,0
DA:12,0
DA:14,0
DA:15,0
DA:18,0
LF:7
LH:0
end_of_record
SF:lib/features/authentication/domain/usecases/usecases_providers.dart
DA:13,0
DA:14,0
DA:15,0
DA:16,0
DA:19,0
DA:21,0
DA:22,0
DA:25,0
DA:27,0
DA:28,0
DA:31,0
DA:33,0
DA:34,0
LF:13
LH:0
end_of_record
SF:lib/features/authentication/presentation/components/atoms/auth_text.dart
DA:4,0
DA:7,0
DA:9,0
DA:10,0
DA:11,0
LF:5
LH:0
end_of_record
SF:lib/features/authentication/presentation/components/atoms/email_input.dart
DA:9,5
DA:11,0
DA:12,0
DA:16,0
DA:18,0
DA:19,0
DA:22,0
DA:25,0
DA:26,0
DA:27,0
DA:33,0
DA:34,0
LF:12
LH:1
end_of_record
SF:lib/features/authentication/presentation/providers/auth_screen_state.dart
DA:13,0
DA:14,0
DA:15,0
DA:16,0
DA:17,0
DA:18,0
DA:19,0
DA:20,0
DA:21,0
DA:26,0
DA:28,0
DA:35,0
DA:37,0
DA:39,0
DA:41,0
DA:43,0
DA:45,0
DA:46,0
DA:47,0
DA:48,0
DA:54,0
DA:56,0
DA:57,0
LF:23
LH:0
end_of_record
SF:lib/features/authentication/presentation/providers/auth_input_fields_providers.dart
DA:4,0
DA:5,0
LF:2
LH:0
end_of_record
SF:lib/features/authentication/presentation/components/atoms/generic_button.dart
DA:4,0
DA:9,0
DA:11,0
DA:13,0
DA:14,0
DA:15,0
LF:6
LH:0
end_of_record
SF:lib/features/authentication/presentation/components/atoms/password_input.dart
DA:7,5
DA:9,0
DA:10,0
DA:14,0
DA:17,0
DA:21,0
DA:22,0
DA:28,0
DA:29,0
LF:9
LH:1
end_of_record
SF:lib/features/authentication/presentation/components/molecules/credential_input_fields_molecule.dart
DA:6,5
DA:8,0
LF:2
LH:1
end_of_record
SF:lib/features/authentication/presentation/components/organisms/auth_organism.dart
DA:10,5
DA:12,0
DA:14,0
DA:15,0
DA:16,0
DA:18,0
DA:19,0
DA:21,0
DA:22,0
DA:23,0
DA:26,0
DA:27,0
DA:31,0
DA:33,0
DA:35,0
DA:36,0
DA:37,0
DA:41,0
DA:43,0
DA:44,0
DA:48,0
DA:49,0
DA:50,0
LF:23
LH:1
end_of_record
SF:lib/features/authentication/presentation/components/templates/auth_template.dart
DA:6,5
DA:8,0
LF:2
LH:1
end_of_record
SF:lib/features/authentication/presentation/providers/auth_screen_data_provider.dart
DA:8,0
DA:9,0
DA:10,0
DA:17,0
DA:18,0
DA:19,0
DA:21,0
DA:23,0
DA:24,0
DA:25,0
DA:27,0
DA:31,0
LF:12
LH:0
end_of_record
SF:lib/features/suggestions/domain/entities/category.dart
DA:9,0
DA:17,0
DA:18,0
DA:24,0
DA:30,0
DA:36,0
DA:42,0
DA:48,0
DA:54,0
DA:60,0
LF:10
LH:0
end_of_record
SF:lib/firebase_options.dart
DA:19,0
DA:21,0
DA:26,0
DA:27,0
DA:29,0
DA:31,0
DA:32,0
DA:36,0
DA:37,0
DA:41,0
DA:42,0
DA:47,0
LF:12
LH:0
end_of_record
SF:lib/features/suggestions/data/datasource/suggestion_datasource.dart
DA:5,1
DA:7,3
DA:9,1
DA:10,2
DA:12,1
DA:13,3
DA:15,1
DA:16,3
DA:18,1
DA:20,3
DA:22,4
LF:11
LH:11
end_of_record
SF:lib/features/suggestions/data/repositories/suggestion_repository_impl.dart
DA:14,0
DA:16,0
DA:18,0
DA:19,0
DA:21,0
DA:22,0
DA:23,0
DA:27,0
DA:29,0
DA:31,0
DA:32,0
DA:35,0
DA:37,0
DA:38,0
DA:39,0
DA:43,0
DA:45,0
DA:48,0
DA:50,0
DA:51,0
DA:54,0
DA:57,0
DA:58,0
DA:60,0
DA:61,0
DA:62,0
LF:26
LH:0
end_of_record
SF:lib/features/suggestions/data/suggestion_mapper.dart
DA:6,0
DA:7,0
DA:11,0
DA:12,0
DA:13,0
DA:14,0
DA:15,0
DA:16,0
DA:18,0
DA:19,0
LF:10
LH:0
end_of_record
